<?xml version="1.0" encoding="UTF-8"?>
<!-- Generated by org.testng.reporters.JUnitReportReporter -->
<testsuite hostname="DESKTOP-NFCI9UD" failures="0" tests="1" name="runner.Runner" time="11.116" errors="0" timestamp="2025-02-05T10:51:49 IST" skipped="0">
  <testcase classname="runner.Runner" name="runScenario" time="11.116">
    <system-out>
      <![CDATA[openBrowser
login
logout
closeBrowser]]>
    </system-out>
  </testcase> <!-- runScenario -->
  <system-out>
    <![CDATA[openBrowser
login
logout
closeBrowser]]>
  </system-out>
</testsuite> <!-- runner.Runner -->
